<?xml version="1.0" encoding="UTF-8"?>
<!-- Generated by org.testng.reporters.JUnitReportReporter -->
<testsuite hostname="RANJIT" failures="0" tests="2" name="githubPractice.Practice1Test" time="0.013" errors="0" timestamp="2022-01-25T17:33:53 IST" skipped="0">
  <testcase classname="githubPractice.Practice1Test" name="demo11" time="0.002"/>
  <system-out/>
  <testcase classname="githubPractice.Practice1Test" name="demo1" time="0.011"/>
  <system-out/>
</testsuite> <!-- githubPractice.Practice1Test -->
