<?xml version="1.0" encoding="UTF-8"?>
<!-- Generated by org.testng.reporters.JUnitReportReporter -->
<testsuite hostname="RANJIT" failures="0" tests="1" name="githubPractice.Practice2Test" time="0.001" errors="0" timestamp="2022-01-25T17:34:09 IST" skipped="0">
  <testcase classname="githubPractice.Practice2Test" name="demo2" time="0.001"/>
  <system-out/>
</testsuite> <!-- githubPractice.Practice2Test -->
